<?xml version="1.0" encoding="UTF-8"?>
<!-- Generated by org.testng.reporters.JUnitXMLReporter -->
<testsuite ignored="0" hostname="DESKTOP-VUVQ2E2" failures="0" tests="3" name="Test" time="0.112" errors="0" timestamp="2024-10-03T17:37:33 IST">
  <testcase classname="org.test.selenium.TestFramework.Tendable" name="@BeforeTest beforeTest" time="0.021">
    <failure type="java.lang.NullPointerException" message="Cannot invoke &amp;quot;org.openqa.selenium.WebDriver.get(String)&amp;quot; because &amp;quot;org.test.selenium.TestFramework.TestBase.driver&amp;quot; is null">
      <![CDATA[java.lang.NullPointerException: Cannot invoke "org.openqa.selenium.WebDriver.get(String)" because "org.test.selenium.TestFramework.TestBase.driver" is null
at org.test.selenium.TestFramework.TestBase.init(TestBase.java:12)
at org.test.selenium.TestFramework.Tendable.beforeTest(Tendable.java:26)
... Removed 24 stack frames]]>
    </failure>
  </testcase> <!-- @BeforeTest beforeTest -->
  <testcase classname="org.test.selenium.TestFramework.Tendable" name="@BeforeClass beforeClass" time="-1.727957253483E9">
    <skipped/>
  </testcase> <!-- @BeforeClass beforeClass -->
  <testcase classname="org.test.selenium.TestFramework.Tendable" name="@AfterTest afterTest" time="-1.727957253525E9">
    <skipped/>
  </testcase> <!-- @AfterTest afterTest -->
  <testcase classname="org.test.selenium.TestFramework.Tendable" name="homePageTests" time="0.0">
    <skipped/>
  </testcase> <!-- homePageTests -->
  <testcase classname="org.test.selenium.TestFramework.Tendable" name="verifyContactUsPage" time="0.0">
    <skipped/>
  </testcase> <!-- verifyContactUsPage -->
  <testcase classname="org.test.selenium.TestFramework.Tendable" name="verifyRequestDemoButton" time="0.0">
    <skipped/>
  </testcase> <!-- verifyRequestDemoButton -->
</testsuite> <!-- Test -->
